<?xml version="1.0" encoding="UTF-8"?>
<testng-results ignored="0" total="2" passed="2" failed="0" skipped="0">
  <reporter-output>
  </reporter-output>
  <suite started-at="2024-07-30T00:22:35 IST" name="Suite" finished-at="2024-07-30T00:22:41 IST" duration-ms="5797">
    <groups>
      <group name="Master">
        <method signature="TC_001_AccountRegistrationTest.verify_account_registration()[pri:0, instance:testCases.TC_001_AccountRegistrationTest@4b45dcb8]" name="verify_account_registration" class="testCases.TC_001_AccountRegistrationTest"/>
        <method signature="TC_002_LoginTest.verify_login()[pri:0, instance:testCases.TC_002_LoginTest@45815ffc]" name="verify_login" class="testCases.TC_002_LoginTest"/>
      </group> <!-- Master -->
      <group name="Sanity">
        <method signature="TC_002_LoginTest.verify_login()[pri:0, instance:testCases.TC_002_LoginTest@45815ffc]" name="verify_login" class="testCases.TC_002_LoginTest"/>
      </group> <!-- Sanity -->
      <group name="Regression">
        <method signature="TC_001_AccountRegistrationTest.verify_account_registration()[pri:0, instance:testCases.TC_001_AccountRegistrationTest@4b45dcb8]" name="verify_account_registration" class="testCases.TC_001_AccountRegistrationTest"/>
      </group> <!-- Regression -->
    </groups>
    <test started-at="2024-07-30T00:22:35 IST" name="Test" finished-at="2024-07-30T00:22:41 IST" duration-ms="5797">
      <class name="testCases.TC_001_AccountRegistrationTest">
        <test-method is-config="true" signature="setup(java.lang.String,java.lang.String)[pri:0, instance:testCases.TC_001_AccountRegistrationTest@4b45dcb8]" started-at="2024-07-30T00:22:35 IST" name="setup" finished-at="2024-07-30T00:22:37 IST" duration-ms="1990" status="PASS">
          <params>
            <param index="0">
              <value>
                <![CDATA[windows]]>
              </value>
            </param>
            <param index="1">
              <value>
                <![CDATA[chrome]]>
              </value>
            </param>
          </params>
          <reporter-output>
          </reporter-output>
        </test-method> <!-- setup -->
        <test-method signature="verify_account_registration()[pri:0, instance:testCases.TC_001_AccountRegistrationTest@4b45dcb8]" started-at="2024-07-30T00:22:37 IST" name="verify_account_registration" finished-at="2024-07-30T00:22:38 IST" duration-ms="1116" status="PASS">
          <reporter-output>
          </reporter-output>
        </test-method> <!-- verify_account_registration -->
        <test-method is-config="true" signature="tearDown()[pri:0, instance:testCases.TC_001_AccountRegistrationTest@4b45dcb8]" started-at="2024-07-30T00:22:38 IST" name="tearDown" finished-at="2024-07-30T00:22:38 IST" duration-ms="46" status="PASS">
          <reporter-output>
          </reporter-output>
        </test-method> <!-- tearDown -->
      </class> <!-- testCases.TC_001_AccountRegistrationTest -->
      <class name="testCases.TC_002_LoginTest">
        <test-method is-config="true" signature="setup(java.lang.String,java.lang.String)[pri:0, instance:testCases.TC_002_LoginTest@45815ffc]" started-at="2024-07-30T00:22:38 IST" name="setup" finished-at="2024-07-30T00:22:40 IST" duration-ms="1592" status="PASS">
          <params>
            <param index="0">
              <value>
                <![CDATA[windows]]>
              </value>
            </param>
            <param index="1">
              <value>
                <![CDATA[chrome]]>
              </value>
            </param>
          </params>
          <reporter-output>
          </reporter-output>
        </test-method> <!-- setup -->
        <test-method signature="verify_login()[pri:0, instance:testCases.TC_002_LoginTest@45815ffc]" started-at="2024-07-30T00:22:40 IST" name="verify_login" finished-at="2024-07-30T00:22:41 IST" duration-ms="859" status="PASS">
          <reporter-output>
          </reporter-output>
        </test-method> <!-- verify_login -->
        <test-method is-config="true" signature="tearDown()[pri:0, instance:testCases.TC_002_LoginTest@45815ffc]" started-at="2024-07-30T00:22:41 IST" name="tearDown" finished-at="2024-07-30T00:22:41 IST" duration-ms="42" status="PASS">
          <reporter-output>
          </reporter-output>
        </test-method> <!-- tearDown -->
      </class> <!-- testCases.TC_002_LoginTest -->
    </test> <!-- Test -->
  </suite> <!-- Suite -->
</testng-results>
